Performing C++ SOURCE FILE Test COMPILER_SUPPORT_Wshorten64to32 failed with the following output:
Change Dir: /home/xin/tools/eigen-3.3.7/build/CMakeFiles/CMakeTmp

Run Build Command(s):/usr/bin/make -f Makefile cmTC_88b38/fast && /usr/bin/make  -f CMakeFiles/cmTC_88b38.dir/build.make CMakeFiles/cmTC_88b38.dir/build
make[1]: Entering directory '/home/xin/tools/eigen-3.3.7/build/CMakeFiles/CMakeTmp'
Building CXX object CMakeFiles/cmTC_88b38.dir/src.cxx.o
/usr/bin/c++ -DCOMPILER_SUPPORT_Wshorten64to32  -std=c++03 -pedantic -Wall -Wextra -Wundef -Wcast-align -Wchar-subscripts -Wnon-virtual-dtor -Wunused-local-typedefs -Wpointer-arith -Wwrite-strings -Wformat-security -Werror   -Wshorten-64-to-32 -o CMakeFiles/cmTC_88b38.dir/src.cxx.o -c /home/xin/tools/eigen-3.3.7/build/CMakeFiles/CMakeTmp/src.cxx
c++: error: unrecognized command line option '-Wshorten-64-to-32'
CMakeFiles/cmTC_88b38.dir/build.make:77: recipe for target 'CMakeFiles/cmTC_88b38.dir/src.cxx.o' failed
make[1]: *** [CMakeFiles/cmTC_88b38.dir/src.cxx.o] Error 1
make[1]: Leaving directory '/home/xin/tools/eigen-3.3.7/build/CMakeFiles/CMakeTmp'
Makefile:127: recipe for target 'cmTC_88b38/fast' failed
make: *** [cmTC_88b38/fast] Error 2


Source file was:
int main() { return 0; }
Performing C++ SOURCE FILE Test COMPILER_SUPPORT_Wenumconversion failed with the following output:
Change Dir: /home/xin/tools/eigen-3.3.7/build/CMakeFiles/CMakeTmp

Run Build Command(s):/usr/bin/make -f Makefile cmTC_a0d5c/fast && /usr/bin/make  -f CMakeFiles/cmTC_a0d5c.dir/build.make CMakeFiles/cmTC_a0d5c.dir/build
make[1]: Entering directory '/home/xin/tools/eigen-3.3.7/build/CMakeFiles/CMakeTmp'
Building CXX object CMakeFiles/cmTC_a0d5c.dir/src.cxx.o
/usr/bin/c++ -DCOMPILER_SUPPORT_Wenumconversion  -std=c++03 -pedantic -Wall -Wextra -Wundef -Wcast-align -Wchar-subscripts -Wnon-virtual-dtor -Wunused-local-typedefs -Wpointer-arith -Wwrite-strings -Wformat-security -Wlogical-op -Werror   -Wenum-conversion -o CMakeFiles/cmTC_a0d5c.dir/src.cxx.o -c /home/xin/tools/eigen-3.3.7/build/CMakeFiles/CMakeTmp/src.cxx
c++: error: unrecognized command line option '-Wenum-conversion'; did you mean '-Wno-conversion'?
CMakeFiles/cmTC_a0d5c.dir/build.make:77: recipe for target 'CMakeFiles/cmTC_a0d5c.dir/src.cxx.o' failed
make[1]: *** [CMakeFiles/cmTC_a0d5c.dir/src.cxx.o] Error 1
make[1]: Leaving directory '/home/xin/tools/eigen-3.3.7/build/CMakeFiles/CMakeTmp'
Makefile:127: recipe for target 'cmTC_a0d5c/fast' failed
make: *** [cmTC_a0d5c/fast] Error 2


Source file was:
int main() { return 0; }
Performing C++ SOURCE FILE Test COMPILER_SUPPORT_Wcpp11extensions failed with the following output:
Change Dir: /home/xin/tools/eigen-3.3.7/build/CMakeFiles/CMakeTmp

Run Build Command(s):/usr/bin/make -f Makefile cmTC_04566/fast && /usr/bin/make  -f CMakeFiles/cmTC_04566.dir/build.make CMakeFiles/cmTC_04566.dir/build
make[1]: Entering directory '/home/xin/tools/eigen-3.3.7/build/CMakeFiles/CMakeTmp'
Building CXX object CMakeFiles/cmTC_04566.dir/src.cxx.o
/usr/bin/c++ -DCOMPILER_SUPPORT_Wcpp11extensions  -std=c++03 -pedantic -Wall -Wextra -Wundef -Wcast-align -Wchar-subscripts -Wnon-virtual-dtor -Wunused-local-typedefs -Wpointer-arith -Wwrite-strings -Wformat-security -Wlogical-op -Werror   -Wc++11-extensions -o CMakeFiles/cmTC_04566.dir/src.cxx.o -c /home/xin/tools/eigen-3.3.7/build/CMakeFiles/CMakeTmp/src.cxx
c++: error: unrecognized command line option '-Wc++11-extensions'; did you mean '-fms-extensions'?
CMakeFiles/cmTC_04566.dir/build.make:77: recipe for target 'CMakeFiles/cmTC_04566.dir/src.cxx.o' failed
make[1]: *** [CMakeFiles/cmTC_04566.dir/src.cxx.o] Error 1
make[1]: Leaving directory '/home/xin/tools/eigen-3.3.7/build/CMakeFiles/CMakeTmp'
Makefile:127: recipe for target 'cmTC_04566/fast' failed
make: *** [cmTC_04566/fast] Error 2


Source file was:
int main() { return 0; }
Performing C++ SOURCE FILE Test COMPILER_SUPPORT_wd981 failed with the following output:
Change Dir: /home/xin/tools/eigen-3.3.7/build/CMakeFiles/CMakeTmp

Run Build Command(s):/usr/bin/make -f Makefile cmTC_05507/fast && /usr/bin/make  -f CMakeFiles/cmTC_05507.dir/build.make CMakeFiles/cmTC_05507.dir/build
make[1]: Entering directory '/home/xin/tools/eigen-3.3.7/build/CMakeFiles/CMakeTmp'
Building CXX object CMakeFiles/cmTC_05507.dir/src.cxx.o
/usr/bin/c++ -DCOMPILER_SUPPORT_wd981  -std=c++03 -pedantic -Wall -Wextra -Wundef -Wcast-align -Wchar-subscripts -Wnon-virtual-dtor -Wunused-local-typedefs -Wpointer-arith -Wwrite-strings -Wformat-security -Wlogical-op -Wdouble-promotion -Wno-psabi -Wno-variadic-macros -Wno-long-long -fno-check-new -fno-common -fstrict-aliasing -Werror   -wd981 -o CMakeFiles/cmTC_05507.dir/src.cxx.o -c /home/xin/tools/eigen-3.3.7/build/CMakeFiles/CMakeTmp/src.cxx
c++: error: unrecognized command line option '-wd981'
CMakeFiles/cmTC_05507.dir/build.make:77: recipe for target 'CMakeFiles/cmTC_05507.dir/src.cxx.o' failed
make[1]: *** [CMakeFiles/cmTC_05507.dir/src.cxx.o] Error 1
make[1]: Leaving directory '/home/xin/tools/eigen-3.3.7/build/CMakeFiles/CMakeTmp'
Makefile:127: recipe for target 'cmTC_05507/fast' failed
make: *** [cmTC_05507/fast] Error 2


Source file was:
int main() { return 0; }
Performing C++ SOURCE FILE Test COMPILER_SUPPORT_wd2304 failed with the following output:
Change Dir: /home/xin/tools/eigen-3.3.7/build/CMakeFiles/CMakeTmp

Run Build Command(s):/usr/bin/make -f Makefile cmTC_9bacd/fast && /usr/bin/make  -f CMakeFiles/cmTC_9bacd.dir/build.make CMakeFiles/cmTC_9bacd.dir/build
make[1]: Entering directory '/home/xin/tools/eigen-3.3.7/build/CMakeFiles/CMakeTmp'
Building CXX object CMakeFiles/cmTC_9bacd.dir/src.cxx.o
/usr/bin/c++ -DCOMPILER_SUPPORT_wd2304  -std=c++03 -pedantic -Wall -Wextra -Wundef -Wcast-align -Wchar-subscripts -Wnon-virtual-dtor -Wunused-local-typedefs -Wpointer-arith -Wwrite-strings -Wformat-security -Wlogical-op -Wdouble-promotion -Wno-psabi -Wno-variadic-macros -Wno-long-long -fno-check-new -fno-common -fstrict-aliasing -Werror   -wd2304 -o CMakeFiles/cmTC_9bacd.dir/src.cxx.o -c /home/xin/tools/eigen-3.3.7/build/CMakeFiles/CMakeTmp/src.cxx
c++: error: unrecognized command line option '-wd2304'
CMakeFiles/cmTC_9bacd.dir/build.make:77: recipe for target 'CMakeFiles/cmTC_9bacd.dir/src.cxx.o' failed
make[1]: *** [CMakeFiles/cmTC_9bacd.dir/src.cxx.o] Error 1
make[1]: Leaving directory '/home/xin/tools/eigen-3.3.7/build/CMakeFiles/CMakeTmp'
Makefile:127: recipe for target 'cmTC_9bacd/fast' failed
make: *** [cmTC_9bacd/fast] Error 2


Source file was:
int main() { return 0; }
Performing C++ SOURCE FILE Test COMPILER_SUPPORT_STRICTANSI failed with the following output:
Change Dir: /home/xin/tools/eigen-3.3.7/build/CMakeFiles/CMakeTmp

Run Build Command(s):/usr/bin/make -f Makefile cmTC_c3ed7/fast && /usr/bin/make  -f CMakeFiles/cmTC_c3ed7.dir/build.make CMakeFiles/cmTC_c3ed7.dir/build
make[1]: Entering directory '/home/xin/tools/eigen-3.3.7/build/CMakeFiles/CMakeTmp'
Building CXX object CMakeFiles/cmTC_c3ed7.dir/src.cxx.o
/usr/bin/c++ -DCOMPILER_SUPPORT_STRICTANSI  -std=c++03 -pedantic -Wall -Wextra -Wundef -Wcast-align -Wchar-subscripts -Wnon-virtual-dtor -Wunused-local-typedefs -Wpointer-arith -Wwrite-strings -Wformat-security -Wlogical-op -Wdouble-promotion -Wno-psabi -Wno-variadic-macros -Wno-long-long -fno-check-new -fno-common -fstrict-aliasing -Werror   -strict-ansi -o CMakeFiles/cmTC_c3ed7.dir/src.cxx.o -c /home/xin/tools/eigen-3.3.7/build/CMakeFiles/CMakeTmp/src.cxx
c++: error: unrecognized command line option '-strict-ansi'; did you mean '-fstrict-enums'?
CMakeFiles/cmTC_c3ed7.dir/build.make:77: recipe for target 'CMakeFiles/cmTC_c3ed7.dir/src.cxx.o' failed
make[1]: *** [CMakeFiles/cmTC_c3ed7.dir/src.cxx.o] Error 1
make[1]: Leaving directory '/home/xin/tools/eigen-3.3.7/build/CMakeFiles/CMakeTmp'
Makefile:127: recipe for target 'cmTC_c3ed7/fast' failed
make: *** [cmTC_c3ed7/fast] Error 2


Source file was:
int main() { return 0; }
Performing C++ SOURCE FILE Test COMPILER_SUPPORT_Qunusedarguments failed with the following output:
Change Dir: /home/xin/tools/eigen-3.3.7/build/CMakeFiles/CMakeTmp

Run Build Command(s):/usr/bin/make -f Makefile cmTC_ad492/fast && /usr/bin/make  -f CMakeFiles/cmTC_ad492.dir/build.make CMakeFiles/cmTC_ad492.dir/build
make[1]: Entering directory '/home/xin/tools/eigen-3.3.7/build/CMakeFiles/CMakeTmp'
Building CXX object CMakeFiles/cmTC_ad492.dir/src.cxx.o
/usr/bin/c++ -DCOMPILER_SUPPORT_Qunusedarguments  -std=c++03 -pedantic -Wall -Wextra -Wundef -Wcast-align -Wchar-subscripts -Wnon-virtual-dtor -Wunused-local-typedefs -Wpointer-arith -Wwrite-strings -Wformat-security -Wlogical-op -Wdouble-promotion -Wno-psabi -Wno-variadic-macros -Wno-long-long -fno-check-new -fno-common -fstrict-aliasing -Werror   -Qunused-arguments -o CMakeFiles/cmTC_ad492.dir/src.cxx.o -c /home/xin/tools/eigen-3.3.7/build/CMakeFiles/CMakeTmp/src.cxx
c++: error: unrecognized command line option '-Qunused-arguments'; did you mean '-Wunused-parameter'?
CMakeFiles/cmTC_ad492.dir/build.make:77: recipe for target 'CMakeFiles/cmTC_ad492.dir/src.cxx.o' failed
make[1]: *** [CMakeFiles/cmTC_ad492.dir/src.cxx.o] Error 1
make[1]: Leaving directory '/home/xin/tools/eigen-3.3.7/build/CMakeFiles/CMakeTmp'
Makefile:127: recipe for target 'cmTC_ad492/fast' failed
make: *** [cmTC_ad492/fast] Error 2


Source file was:
int main() { return 0; }
Performing C SOURCE FILE Test CMAKE_HAVE_LIBC_PTHREAD failed with the following output:
Change Dir: /home/xin/tools/eigen-3.3.7/build/CMakeFiles/CMakeTmp

Run Build Command(s):/usr/bin/make -f Makefile cmTC_cbf89/fast && /usr/bin/make  -f CMakeFiles/cmTC_cbf89.dir/build.make CMakeFiles/cmTC_cbf89.dir/build
make[1]: 进入目录“/home/xin/tools/eigen-3.3.7/build/CMakeFiles/CMakeTmp”
Building C object CMakeFiles/cmTC_cbf89.dir/src.c.o
/usr/bin/cc -DCMAKE_HAVE_LIBC_PTHREAD   -o CMakeFiles/cmTC_cbf89.dir/src.c.o -c /home/xin/tools/eigen-3.3.7/build/CMakeFiles/CMakeTmp/src.c
Linking C executable cmTC_cbf89
/usr/local/bin/cmake -E cmake_link_script CMakeFiles/cmTC_cbf89.dir/link.txt --verbose=1
/usr/bin/cc -rdynamic CMakeFiles/cmTC_cbf89.dir/src.c.o -o cmTC_cbf89 
CMakeFiles/cmTC_cbf89.dir/src.c.o：在函数‘main’中：
src.c:(.text+0x3e)：对‘pthread_create’未定义的引用
src.c:(.text+0x4a)：对‘pthread_detach’未定义的引用
src.c:(.text+0x56)：对‘pthread_cancel’未定义的引用
src.c:(.text+0x67)：对‘pthread_join’未定义的引用
src.c:(.text+0x7b)：对‘pthread_atfork’未定义的引用
collect2: error: ld returned 1 exit status
CMakeFiles/cmTC_cbf89.dir/build.make:98: recipe for target 'cmTC_cbf89' failed
make[1]: *** [cmTC_cbf89] Error 1
make[1]: 离开目录“/home/xin/tools/eigen-3.3.7/build/CMakeFiles/CMakeTmp”
Makefile:127: recipe for target 'cmTC_cbf89/fast' failed
make: *** [cmTC_cbf89/fast] Error 2


Source file was:
#include <pthread.h>

static void* test_func(void* data)
{
  return data;
}

int main(void)
{
  pthread_t thread;
  pthread_create(&thread, NULL, test_func, NULL);
  pthread_detach(thread);
  pthread_cancel(thread);
  pthread_join(thread, NULL);
  pthread_atfork(NULL, NULL, NULL);
  pthread_exit(NULL);

  return 0;
}

Determining if the function pthread_create exists in the pthreads failed with the following output:
Change Dir: /home/xin/tools/eigen-3.3.7/build/CMakeFiles/CMakeTmp

Run Build Command(s):/usr/bin/make -f Makefile cmTC_993e9/fast && /usr/bin/make  -f CMakeFiles/cmTC_993e9.dir/build.make CMakeFiles/cmTC_993e9.dir/build
make[1]: 进入目录“/home/xin/tools/eigen-3.3.7/build/CMakeFiles/CMakeTmp”
Building C object CMakeFiles/cmTC_993e9.dir/CheckFunctionExists.c.o
/usr/bin/cc   -DCHECK_FUNCTION_EXISTS=pthread_create -o CMakeFiles/cmTC_993e9.dir/CheckFunctionExists.c.o -c /usr/local/share/cmake-3.23/Modules/CheckFunctionExists.c
Linking C executable cmTC_993e9
/usr/local/bin/cmake -E cmake_link_script CMakeFiles/cmTC_993e9.dir/link.txt --verbose=1
/usr/bin/cc  -DCHECK_FUNCTION_EXISTS=pthread_create -rdynamic CMakeFiles/cmTC_993e9.dir/CheckFunctionExists.c.o -o cmTC_993e9  -lpthreads 
/usr/bin/ld: 找不到 -lpthreads
collect2: error: ld returned 1 exit status
CMakeFiles/cmTC_993e9.dir/build.make:98: recipe for target 'cmTC_993e9' failed
make[1]: *** [cmTC_993e9] Error 1
make[1]: 离开目录“/home/xin/tools/eigen-3.3.7/build/CMakeFiles/CMakeTmp”
Makefile:127: recipe for target 'cmTC_993e9/fast' failed
make: *** [cmTC_993e9/fast] Error 2



